[2023-09-26T02:24:08.511963+02:00] TESTE.ERROR: ocorreu um erro [] []
[2023-09-26T02:24:08.746054+02:00] TESTE.ERROR: ocorreu um erro [] []
[2023-09-26T02:28:27.092470+02:00] TESTE.ERROR: ocorreu um erro [] []
[2023-09-26T02:28:29.348644+02:00] TESTE.ERROR: ocorreu um erro [] []
[2023-09-26T02:28:30.921424+02:00] TESTE.ERROR: ocorreu um erro [] []
[2023-09-26T02:28:31.129467+02:00] TESTE.ERROR: ocorreu um erro [] []
[2023-09-26T02:28:31.305986+02:00] TESTE.ERROR: ocorreu um erro [] []
[2023-09-26T17:57:17.982320+02:00] TESTE.ERROR: ocorreu um erro [] []
[2023-09-26T18:00:04.521710+02:00] TESTE.ERROR: ocorreu um erro [] []
[2023-09-26T18:06:21.425014+02:00] TESTE.ERROR: ocorreu um erro [] []
[2023-09-26T18:08:07.351090+02:00] TESTE.DEBUG: ocorreu um erro [] []
[2023-09-26T18:08:07.928839+02:00] TESTE.DEBUG: ocorreu um erro [] []
[2023-09-26T18:08:19.991183+02:00] TESTE.DEBUG: ocorreu um erro [] []
[2023-09-26T18:08:20.212359+02:00] TESTE.DEBUG: ocorreu um erro [] []
[2023-09-26T18:08:22.011103+02:00] TESTE.DEBUG: ocorreu um erro [] []
[2023-09-26T18:08:22.181485+02:00] TESTE.DEBUG: ocorreu um erro [] []
[2023-09-26T18:08:22.367371+02:00] TESTE.DEBUG: ocorreu um erro [] []
[2023-09-26T18:08:22.504863+02:00] TESTE.DEBUG: ocorreu um erro [] []
[2023-09-26T18:08:23.742989+02:00] TESTE.DEBUG: ocorreu um erro [] []
[2023-09-26T18:08:23.934294+02:00] TESTE.DEBUG: ocorreu um erro [] []
[2023-09-26T18:08:24.078212+02:00] TESTE.DEBUG: ocorreu um erro [] []
[2023-09-26T18:08:26.553129+02:00] TESTE.DEBUG: ocorreu um erro [] []
[2023-09-26T18:08:26.739413+02:00] TESTE.DEBUG: ocorreu um erro [] []
[2023-09-26T18:08:26.923947+02:00] TESTE.DEBUG: ocorreu um erro [] []
[2023-09-26T18:08:27.075853+02:00] TESTE.DEBUG: ocorreu um erro [] []
[2023-09-26T18:09:33.996433+02:00] erro.DEBUG: ocorreu um erro [] []
[2023-09-26T18:09:34.162672+02:00] erro.DEBUG: ocorreu um erro [] []
[2023-09-26T18:09:34.332727+02:00] erro.DEBUG: ocorreu um erro [] []
[2023-09-26T18:09:40.206927+02:00] erro.DEBUG: ocorreu um erro [] []
[2023-09-26T18:09:40.376519+02:00] erro.DEBUG: ocorreu um erro [] []
[2023-09-26T18:12:04.734717+02:00] erro.DEBUG: ocorreu um erro [] []
[2023-09-26T18:12:04.897094+02:00] erro.DEBUG: ocorreu um erro [] []
[2023-09-26T18:12:06.301553+02:00] erro.DEBUG: ocorreu um erro [] []
[2023-09-26T18:12:06.473202+02:00] erro.DEBUG: ocorreu um erro [] []
[2023-09-26T18:13:40.208361+02:00] erro.DEBUG: ocorreu um erro [] []
[2023-09-26T18:13:40.427159+02:00] erro.DEBUG: ocorreu um erro [] []
[2023-09-26T18:13:42.097159+02:00] erro.DEBUG: ocorreu um erro [] []
[2023-09-26T18:13:42.270791+02:00] erro.DEBUG: ocorreu um erro [] []
[2023-09-26T18:13:42.424961+02:00] erro.DEBUG: ocorreu um erro [] []
[2023-09-26T18:27:15.084580+02:00] TESTE.ERROR: ocorreu um teste [] []
[2023-09-26T18:27:15.732898+02:00] TESTE.ERROR: ocorreu um teste [] []
[2023-09-26T18:27:16.022285+02:00] TESTE.ERROR: ocorreu um teste [] []
[2023-09-26T18:27:16.214570+02:00] TESTE.ERROR: ocorreu um teste [] []
[2023-09-26T18:27:16.497222+02:00] TESTE.ERROR: ocorreu um teste [] []
[2023-09-26T18:27:16.668415+02:00] TESTE.ERROR: ocorreu um teste [] []
[2023-09-26T18:27:17.037034+02:00] TESTE.ERROR: ocorreu um teste [] []
[2023-09-26T18:27:17.219611+02:00] TESTE.ERROR: ocorreu um teste [] []
[2023-09-26T18:27:17.574893+02:00] TESTE.ERROR: ocorreu um teste [] []
[2023-09-26T18:27:17.764890+02:00] TESTE.ERROR: ocorreu um teste [] []
[2023-09-26T18:27:18.128255+02:00] TESTE.ERROR: ocorreu um teste [] []
[2023-09-26T18:27:18.268210+02:00] TESTE.ERROR: ocorreu um teste [] []
[2023-09-26T18:27:18.493297+02:00] TESTE.ERROR: ocorreu um teste [] []
[2023-09-26T18:27:18.662176+02:00] TESTE.ERROR: ocorreu um teste [] []
[2023-09-26T18:27:18.870727+02:00] TESTE.ERROR: ocorreu um teste [] []
[2023-09-26T18:27:19.062868+02:00] TESTE.ERROR: ocorreu um teste [] []
[2023-09-26T18:27:19.932687+02:00] TESTE.ERROR: ocorreu um teste [] []
[2023-09-26T18:27:20.152659+02:00] TESTE.ERROR: ocorreu um teste [] []
[2023-09-26T18:27:20.363144+02:00] TESTE.ERROR: ocorreu um teste [] []
[2023-09-26T18:27:20.579547+02:00] TESTE.ERROR: ocorreu um teste [] []
[2023-09-26T18:27:20.788113+02:00] TESTE.ERROR: ocorreu um teste [] []
[2023-09-26T18:27:40.678624+02:00] TESTE.DEBUG: main executando... [] []
[2023-09-26T18:27:40.858858+02:00] TESTE.DEBUG: main executando... [] []
[2023-09-26T18:27:41.031370+02:00] TESTE.DEBUG: main executando... [] []
[2023-09-26T18:27:41.294251+02:00] TESTE.DEBUG: main executando... [] []
[2023-09-26T18:27:41.458280+02:00] TESTE.DEBUG: main executando... [] []
[2023-09-26T18:27:41.641831+02:00] TESTE.DEBUG: main executando... [] []
[2023-09-26T18:27:41.853565+02:00] TESTE.DEBUG: main executando... [] []
[2023-09-26T18:27:43.912678+02:00] TESTE.DEBUG: main executando... [] []
[2023-09-26T18:27:44.083662+02:00] TESTE.DEBUG: main executando... [] []
[2023-09-26T18:27:44.215680+02:00] TESTE.DEBUG: main executando... [] []
[2023-09-26T18:31:03.703054+02:00] TESTE.DEBUG: main executando... [] []
[2023-09-26T18:31:04.224003+02:00] TESTE.DEBUG: main executando... [] []
[2023-09-26T18:31:04.510886+02:00] TESTE.DEBUG: main executando... [] []
[2023-09-26T18:31:04.712919+02:00] TESTE.DEBUG: main executando... [] []
[2023-09-26T18:31:04.912290+02:00] TESTE.DEBUG: main executando... [] []
[2023-09-26T18:31:05.149801+02:00] TESTE.DEBUG: main executando... [] []
[2023-09-26T18:31:05.331020+02:00] TESTE.DEBUG: main executando... [] []
[2023-09-26T18:36:22.688557+02:00] TESTE.ERROR: ocorreu um teste [] []
[2023-09-26T18:36:23.775454+02:00] TESTE.ERROR: ocorreu um teste [] []
[2023-09-26T18:36:33.181766+02:00] TESTE.ERROR: ocorreu um teste [] []
[2023-09-26T18:36:33.659583+02:00] TESTE.ERROR: ocorreu um teste [] []
[2023-09-26T18:36:33.819631+02:00] TESTE.ERROR: ocorreu um teste [] []
[2023-09-26T18:36:33.978408+02:00] TESTE.ERROR: ocorreu um teste [] []
[2023-09-26T18:38:49.649923+02:00] TESTE.ERROR: ocorreu um erro [] []
[2023-09-26T18:38:49.801179+02:00] TESTE.ERROR: ocorreu um erro [] []
[2023-09-26T18:38:49.970235+02:00] TESTE.ERROR: ocorreu um erro [] []
[2023-09-26T18:38:51.751607+02:00] TESTE.ERROR: ocorreu um erro [] []
[2023-09-26T18:38:51.924090+02:00] TESTE.ERROR: ocorreu um erro [] []
[2023-09-26T18:40:42.278849+02:00] TESTE.DEBUG: main executando... [] []
[2023-09-26T18:40:42.526892+02:00] TESTE.DEBUG: main executando... [] []
[2023-09-26T18:40:42.761270+02:00] TESTE.DEBUG: main executando... [] []
[2023-09-26T18:40:43.072163+02:00] TESTE.DEBUG: main executando... [] []
[2023-09-26T18:40:43.292407+02:00] TESTE.DEBUG: main executando... [] []
[2023-09-26T18:40:43.501408+02:00] TESTE.DEBUG: main executando... [] []
[2023-09-26T18:40:43.785192+02:00] TESTE.DEBUG: main executando... [] []
[2023-09-26T18:40:44.002211+02:00] TESTE.DEBUG: main executando... [] []
[2023-09-26T18:40:49.883776+02:00] TESTE.DEBUG: main executando... [] []
[2023-09-26T18:40:50.062708+02:00] TESTE.DEBUG: main executando... [] []
[2023-09-26T18:41:07.054950+02:00] TESTE.DEBUG: main executando... [] []
[2023-09-26T18:41:07.569931+02:00] TESTE.DEBUG: main executando... [] []
[2023-09-26T18:41:07.778136+02:00] TESTE.DEBUG: main executando... [] []
[2023-09-26T18:41:17.535718+02:00] TESTE.DEBUG: main executando... [] []
[2023-09-26T18:41:17.907472+02:00] TESTE.DEBUG: main executando... [] []
[2023-09-26T18:43:59.829998+02:00] TESTE.DEBUG: main executando... [] []
[2023-09-26T18:44:00.098348+02:00] TESTE.DEBUG: main executando... [] []
[2023-09-26T18:44:00.299243+02:00] TESTE.DEBUG: main executando... [] []
[2023-09-26T18:44:00.551829+02:00] TESTE.DEBUG: main executando... [] []
[2023-09-26T18:57:49.829572+02:00] TESTE.ERROR: ocorreu um erro [] []
[2023-09-26T18:57:56.234169+02:00] TESTE.ERROR: ocorreu um erro [] []
[2023-09-26T18:57:56.432856+02:00] TESTE.ERROR: ocorreu um erro [] []
[2023-09-26T19:04:04.141199+02:00] TESTE.ERROR: ocorreu um teste [] []
[2023-09-26T19:04:05.033381+02:00] TESTE.ERROR: ocorreu um teste [] []
[2023-09-26T19:04:05.310487+02:00] TESTE.ERROR: ocorreu um teste [] []
[2023-09-26T19:04:05.534645+02:00] TESTE.ERROR: ocorreu um teste [] []
[2023-09-26T19:04:05.703775+02:00] TESTE.ERROR: ocorreu um teste [] []
[2023-09-26T19:04:19.539502+02:00] TESTE.DEBUG: main executando... [] []
[2023-09-26T19:04:29.225006+02:00] TESTE.DEBUG: main executando... [] []
[2023-09-26T19:04:29.385249+02:00] TESTE.DEBUG: main executando... [] []
[2023-09-26T19:04:31.180093+02:00] TESTE.DEBUG: main executando... [] []
[2023-09-26T19:04:31.338353+02:00] TESTE.DEBUG: main executando... [] []
[2023-09-26T19:06:01.316035+02:00] TESTE.DEBUG: main executando... [] []
[2023-09-26T19:06:01.853626+02:00] TESTE.DEBUG: main executando... [] []
[2023-09-26T19:06:02.038675+02:00] TESTE.DEBUG: main executando... [] []
[2023-09-26T19:06:02.204493+02:00] TESTE.DEBUG: main executando... [] []
[2023-09-26T19:09:56.940021+02:00] TESTE.DEBUG: main executando... [] []
[2023-09-26T19:09:58.479820+02:00] TESTE.DEBUG: main executando... [] []
